Lab system server running on http://localhost:3000
Failed to create report: error: duplicate key value violates unique constraint "reports_lab_no_key"
    at C:\Users\Abu Bakar\Desktop\lab-system\server\node_modules\pg\lib\client.js:646:17
    at process.processTicksAndRejections (node:internal/process/task_queues:105:5)
    at async C:\Users\Abu Bakar\Desktop\lab-system\server\routes\reports.js:55:26 {
  length: 202,
  severity: 'ERROR',
  code: '23505',
  detail: 'Key (lab_no)=(1) already exists.',
  hint: undefined,
  position: undefined,
  internalPosition: undefined,
  internalQuery: undefined,
  where: undefined,
  schema: 'public',
  table: 'reports',
  column: undefined,
  dataType: undefined,
  constraint: 'reports_lab_no_key',
  file: 'nbtinsert.c',
  line: '673',
  routine: '_bt_check_unique'
}
Failed to create report: error: duplicate key value violates unique constraint "reports_lab_no_key"
    at C:\Users\Abu Bakar\Desktop\lab-system\server\node_modules\pg\lib\client.js:646:17
    at process.processTicksAndRejections (node:internal/process/task_queues:105:5)
    at async C:\Users\Abu Bakar\Desktop\lab-system\server\routes\reports.js:55:26 {
  length: 202,
  severity: 'ERROR',
  code: '23505',
  detail: 'Key (lab_no)=(1) already exists.',
  hint: undefined,
  position: undefined,
  internalPosition: undefined,
  internalQuery: undefined,
  where: undefined,
  schema: 'public',
  table: 'reports',
  column: undefined,
  dataType: undefined,
  constraint: 'reports_lab_no_key',
  file: 'nbtinsert.c',
  line: '673',
  routine: '_bt_check_unique'
}
